<?xml version="1.0" encoding="UTF-8"?>
<testsuite name="fatcat.LibraryTest" tests="1" skipped="0" failures="0" errors="0" timestamp="2023-03-13T15:34:08" hostname="DESKTOP-M3BIVGJ" time="0.031">
  <properties/>
  <testcase name="someLibraryMethodReturnsTrue()" classname="fatcat.LibraryTest" time="0.031"/>
  <system-out><![CDATA[]]></system-out>
  <system-err><![CDATA[]]></system-err>
</testsuite>
